[ 25%] [32mBuilding CXX object CMakeFiles/motion_controller.dir/src/motion_controller.cpp.o[0m
[ 75%] [32mBuilding CXX object CMakeFiles/motion_controller.dir/src/MotionControllerNode.cpp.o[0m
[ 75%] [32mBuilding CXX object CMakeFiles/motion_controller.dir/src/serial_communicator.cpp.o[0m
[01m[Kc++:[m[K [01;31m[Kerror: [m[K/root/oxbot/src/ros2_ws/src/motion_control/src/serial_communicator.cpp: No such file or directory
[01m[Kc++:[m[K [01;31m[Kfatal error: [m[Kno input files
compilation terminated.
CMakeFiles/motion_controller.dir/build.make:103: recipe for target 'CMakeFiles/motion_controller.dir/src/serial_communicator.cpp.o' failed
make[2]: *** [CMakeFiles/motion_controller.dir/src/serial_communicator.cpp.o] Error 1
make[2]: *** Waiting for unfinished jobs....
[01m[K/root/oxbot/src/ros2_ws/src/motion_control/src/MotionControllerNode.cpp:5:10:[m[K [01;31m[Kfatal error: [m[Kmotion_control_config.hpp: No such file or directory
 #include [01;31m[K"motion_control_config.hpp"[m[K
          [01;31m[K^~~~~~~~~~~~~~~~~~~~~~~~~~~[m[K
compilation terminated.
CMakeFiles/motion_controller.dir/build.make:89: recipe for target 'CMakeFiles/motion_controller.dir/src/MotionControllerNode.cpp.o' failed
make[2]: *** [CMakeFiles/motion_controller.dir/src/MotionControllerNode.cpp.o] Error 1
[01m[K/root/oxbot/src/ros2_ws/src/motion_control/src/motion_controller.cpp:[m[K In function â€˜[01m[Kint main(int, char**)[m[Kâ€™:
[01m[K/root/oxbot/src/ros2_ws/src/motion_control/src/motion_controller.cpp:19:18:[m[K [01;31m[Kerror: [m[Kâ€˜[01m[Knode[m[Kâ€™ was not declared in this scope
     rclcpp::spin([01;31m[Knode[m[K);
                  [01;31m[K^~~~[m[K
[01m[K/root/oxbot/src/ros2_ws/src/motion_control/src/motion_controller.cpp:19:18:[m[K [01;36m[Knote: [m[Ksuggested alternative: â€˜[01m[Kmodf[m[Kâ€™
     rclcpp::spin([01;36m[Knode[m[K);
                  [01;36m[K^~~~[m[K
                  [32m[Kmodf[m[K
make[2]: *** [CMakeFiles/motion_controller.dir/src/motion_controller.cpp.o] Error 1
CMakeFiles/motion_controller.dir/build.make:75: recipe for target 'CMakeFiles/motion_controller.dir/src/motion_controller.cpp.o' failed
CMakeFiles/Makefile2:136: recipe for target 'CMakeFiles/motion_controller.dir/all' failed
make[1]: *** [CMakeFiles/motion_controller.dir/all] Error 2
make: *** [all] Error 2
Makefile:145: recipe for target 'all' failed
