[0.171s] Invoking command in '/root/oxbot/src/ros2_ws/build/motion_control': CMAKE_PREFIX_PATH=/root/oxbot/src/ros2_ws/install/oxbot_interfaces:/root/oxbot/src/ros2_ws/install/motion_control:/opt/ros/humble/install LD_LIBRARY_PATH=/root/oxbot/src/ros2_ws/install/oxbot_interfaces/lib:/opt/ros/humble/install/opt/rviz_ogre_vendor/lib:/opt/ros/humble/install/lib:/usr/local/cuda-10.2/targets/aarch64-linux/lib /usr/local/bin/cmake --build /root/oxbot/src/ros2_ws/build/motion_control -- -j4 -l4
[0.386s] -- Found ament_cmake: 1.3.5 (/opt/ros/humble/install/share/ament_cmake/cmake)
[1.642s] -- Found rclcpp: 16.0.5 (/opt/ros/humble/install/share/rclcpp/cmake)
[1.814s] -- Found rosidl_generator_c: 3.1.5 (/opt/ros/humble/install/share/rosidl_generator_c/cmake)
[1.830s] -- Found rosidl_adapter: 3.1.5 (/opt/ros/humble/install/share/rosidl_adapter/cmake)
[1.865s] -- Found rosidl_generator_cpp: 3.1.5 (/opt/ros/humble/install/share/rosidl_generator_cpp/cmake)
[1.936s] -- Using all available rosidl_typesupport_c: rosidl_typesupport_fastrtps_c;rosidl_typesupport_introspection_c
[2.041s] -- Using all available rosidl_typesupport_cpp: rosidl_typesupport_fastrtps_cpp;rosidl_typesupport_introspection_cpp
[2.405s] -- Found rmw_implementation_cmake: 6.1.1 (/opt/ros/humble/install/share/rmw_implementation_cmake/cmake)
[2.413s] -- Found rmw_cyclonedds_cpp: 1.3.4 (/opt/ros/humble/install/share/rmw_cyclonedds_cpp/cmake)
[2.596s] -- Using RMW implementation 'rmw_cyclonedds_cpp' as default
[3.585s] -- Found oxbot_interfaces: 0.0.0 (/root/oxbot/src/ros2_ws/install/oxbot_interfaces/share/oxbot_interfaces/cmake)
[3.725s] -- Found ament_lint_auto: 0.12.7 (/opt/ros/humble/install/share/ament_lint_auto/cmake)
[4.281s] -- Added test 'cppcheck' to perform static code analysis on C / C++ code
[4.282s] -- Configured cppcheck include dirs: /root/oxbot/src/ros2_ws/src/motion_control/../include/motion_control/
[4.282s] -- Configured cppcheck exclude dirs and/or files: 
[4.285s] -- Added test 'lint_cmake' to check CMake code style
[4.290s] -- Added test 'uncrustify' to check C / C++ code style
[4.290s] -- Configured uncrustify additional arguments: 
[4.291s] -- Added test 'xmllint' to check XML markup files
[4.295s] -- Configuring done (3.9s)
[4.342s] -- Generating done (0.0s)
[4.350s] -- Build files have been written to: /root/oxbot/src/ros2_ws/build/motion_control
[4.462s] [ 33%] [32mBuilding CXX object CMakeFiles/motion_controller.dir/src/motion_controller.cpp.o[0m
[4.463s] [ 66%] [32mBuilding CXX object CMakeFiles/motion_controller.dir/src/ros2node_motion_controller.cpp.o[0m
[5.447s] [01m[K/root/oxbot/src/ros2_ws/src/motion_control/src/motion_controller.cpp:2:10:[m[K [01;31m[Kfatal error: [m[Kros2node_motion_controller.hpp: No such file or directory
[5.448s]  #include [01;31m[K"ros2node_motion_controller.hpp"[m[K
[5.454s]           [01;31m[K^~~~~~~~~~~~~~~~~~~~~~~~~~~~~~~~[m[K
[5.455s] compilation terminated.
[5.455s] [01m[K/root/oxbot/src/ros2_ws/src/motion_control/src/ros2node_motion_controller.cpp:2:10:[m[K [01;31m[Kfatal error: [m[Kros2node_motion_controller.hpp: No such file or directory
[5.456s]  #include [01;31m[K"ros2node_motion_controller.hpp"[m[K
[5.456s]           [01;31m[K^~~~~~~~~~~~~~~~~~~~~~~~~~~~~~~~[m[K
[5.457s] compilation terminated.
[5.459s] CMakeFiles/motion_controller.dir/build.make:75: recipe for target 'CMakeFiles/motion_controller.dir/src/motion_controller.cpp.o' failed
[5.460s] make[2]: *** [CMakeFiles/motion_controller.dir/src/motion_controller.cpp.o] Error 1
[5.461s] make[2]: *** Waiting for unfinished jobs....
[5.462s] CMakeFiles/motion_controller.dir/build.make:89: recipe for target 'CMakeFiles/motion_controller.dir/src/ros2node_motion_controller.cpp.o' failed
[5.462s] CMakeFiles/Makefile2:136: recipe for target 'CMakeFiles/motion_controller.dir/all' failed
[5.463s] make[2]: *** [CMakeFiles/motion_controller.dir/src/ros2node_motion_controller.cpp.o] Error 1
[5.463s] make[1]: *** [CMakeFiles/motion_controller.dir/all] Error 2
[5.464s] Makefile:145: recipe for target 'all' failed
[5.465s] make: *** [all] Error 2
[5.488s] Invoked command in '/root/oxbot/src/ros2_ws/build/motion_control' returned '2': CMAKE_PREFIX_PATH=/root/oxbot/src/ros2_ws/install/oxbot_interfaces:/root/oxbot/src/ros2_ws/install/motion_control:/opt/ros/humble/install LD_LIBRARY_PATH=/root/oxbot/src/ros2_ws/install/oxbot_interfaces/lib:/opt/ros/humble/install/opt/rviz_ogre_vendor/lib:/opt/ros/humble/install/lib:/usr/local/cuda-10.2/targets/aarch64-linux/lib /usr/local/bin/cmake --build /root/oxbot/src/ros2_ws/build/motion_control -- -j4 -l4
