[0.165s] Invoking command in '/root/oxbot/src/ros2_ws/build/oxbot_testing': /usr/local/bin/cmake --build /root/oxbot/src/ros2_ws/build/oxbot_testing -- -j4 -l4
[0.427s] [ 33%] [32mBuilding CXX object CMakeFiles/motor_tester.dir/src/MotorTestingNode.cpp.o[0m
[13.819s] [01m[K/root/oxbot/src/ros2_ws/src/oxbot_testing/src/MotorTestingNode.cpp:[m[K In member function â€˜[01m[Kvoid MotorTestingNode::pubTimerCB()[m[Kâ€™:
[13.822s] [01m[K/root/oxbot/src/ros2_ws/src/oxbot_testing/src/MotorTestingNode.cpp:134:1:[m[K [01;31m[Kerror: [m[Kexpected â€˜[01m[K}[m[Kâ€™ at end of input
[13.823s]  [01;31m[K}[m[K
[13.824s]  [01;31m[K^[m[K
[25.383s] CMakeFiles/motor_tester.dir/build.make:89: recipe for target 'CMakeFiles/motor_tester.dir/src/MotorTestingNode.cpp.o' failed
[25.384s] make[2]: *** [CMakeFiles/motor_tester.dir/src/MotorTestingNode.cpp.o] Error 1
[25.385s] CMakeFiles/Makefile2:136: recipe for target 'CMakeFiles/motor_tester.dir/all' failed
[25.388s] make[1]: *** [CMakeFiles/motor_tester.dir/all] Error 2
[25.389s] Makefile:145: recipe for target 'all' failed
[25.389s] make: *** [all] Error 2
[25.410s] Invoked command in '/root/oxbot/src/ros2_ws/build/oxbot_testing' returned '2': /usr/local/bin/cmake --build /root/oxbot/src/ros2_ws/build/oxbot_testing -- -j4 -l4
