[0.168s] Invoking command in '/root/oxbot/src/ros2_ws/build/oxbot_testing': /usr/local/bin/cmake --build /root/oxbot/src/ros2_ws/build/oxbot_testing -- -j4 -l4
[0.481s] [ 66%] [32mBuilding CXX object CMakeFiles/motor_tester.dir/src/MotorTestingNode.cpp.o[0m
[0.483s] [ 66%] [32mBuilding CXX object CMakeFiles/motor_tester.dir/src/motor_tester.cpp.o[0m
[16.120s] [01m[K/root/oxbot/src/ros2_ws/src/oxbot_testing/src/MotorTestingNode.cpp:[m[K In constructor â€˜[01m[KMotorTestingNode::MotorTestingNode()[m[Kâ€™:
[16.123s] [01m[K/root/oxbot/src/ros2_ws/src/oxbot_testing/src/MotorTestingNode.cpp:14:5:[m[K [01;31m[Kerror: [m[Kâ€˜[01m[Kprev_state_[m[Kâ€™ was not declared in this scope
[16.123s]      [01;31m[Kprev_state_[m[K = starting;
[16.124s]      [01;31m[K^~~~~~~~~~~[m[K
[16.142s] [01m[K/root/oxbot/src/ros2_ws/src/oxbot_testing/src/MotorTestingNode.cpp:14:5:[m[K [01;36m[Knote: [m[Ksuggested alternative: â€˜[01m[Kcurrent_state_[m[Kâ€™
[16.142s]      [01;36m[Kprev_state_[m[K = starting;
[16.143s]      [01;36m[K^~~~~~~~~~~[m[K
[16.144s]      [32m[Kcurrent_state_[m[K
[16.390s] [01m[K/root/oxbot/src/ros2_ws/src/oxbot_testing/src/MotorTestingNode.cpp:[m[K In member function â€˜[01m[Kvoid MotorTestingNode::pubTimerCB()[m[Kâ€™:
[16.394s] [01m[K/root/oxbot/src/ros2_ws/src/oxbot_testing/src/MotorTestingNode.cpp:96:9:[m[K [01;31m[Kerror: [m[Kâ€˜[01m[Kprev_state_[m[Kâ€™ was not declared in this scope
[16.395s]          [01;31m[Kprev_state_[m[K = current_state_;
[16.396s]          [01;31m[K^~~~~~~~~~~[m[K
[16.414s] [01m[K/root/oxbot/src/ros2_ws/src/oxbot_testing/src/MotorTestingNode.cpp:96:9:[m[K [01;36m[Knote: [m[Ksuggested alternative: â€˜[01m[Kcurrent_state_[m[Kâ€™
[16.415s]          [01;36m[Kprev_state_[m[K = current_state_;
[16.415s]          [01;36m[K^~~~~~~~~~~[m[K
[16.416s]          [32m[Kcurrent_state_[m[K
[36.223s] CMakeFiles/motor_tester.dir/build.make:89: recipe for target 'CMakeFiles/motor_tester.dir/src/MotorTestingNode.cpp.o' failed
[36.268s] CMakeFiles/Makefile2:136: recipe for target 'CMakeFiles/motor_tester.dir/all' failed
[36.269s] Makefile:145: recipe for target 'all' failed
[36.270s] make[2]: *** [CMakeFiles/motor_tester.dir/src/MotorTestingNode.cpp.o] Error 1
[36.270s] make[1]: *** [CMakeFiles/motor_tester.dir/all] Error 2
[36.271s] make: *** [all] Error 2
[36.317s] Invoked command in '/root/oxbot/src/ros2_ws/build/oxbot_testing' returned '2': /usr/local/bin/cmake --build /root/oxbot/src/ros2_ws/build/oxbot_testing -- -j4 -l4
