[0.134s] Invoking command in '/root/oxbot/src/ros2_ws/build/oxbot_interfaces': /usr/local/bin/cmake --build /root/oxbot/src/ros2_ws/build/oxbot_interfaces -- -j4 -l4
[0.500s] -- Found ament_cmake: 1.3.5 (/opt/ros/humble/install/share/ament_cmake/cmake)
[1.362s] Traceback (most recent call last):
[1.363s]   File "/opt/ros/humble/install/share/ament_cmake_core/cmake/package_templates/templates_2_cmake.py", line 21, in <module>
[1.364s]     from ament_package.templates import get_environment_hook_template_path
[1.364s] ModuleNotFoundError: No module named 'ament_package'
[1.380s] [31mCMake Error at /opt/ros/humble/install/share/ament_cmake_core/cmake/ament_cmake_package_templates-extras.cmake:41 (message):
[1.381s]   execute_process(/usr/bin/python3.6
[1.382s]   /opt/ros/humble/install/share/ament_cmake_core/cmake/package_templates/templates_2_cmake.py
[1.382s]   /root/oxbot/src/ros2_ws/build/oxbot_interfaces/ament_cmake_package_templates/templates.cmake)
[1.384s]   returned error code 1
[1.385s] Call Stack (most recent call first):
[1.385s]   /opt/ros/humble/install/share/ament_cmake_core/cmake/ament_cmake_coreConfig.cmake:41 (include)
[1.386s]   /opt/ros/humble/install/share/ament_cmake/cmake/ament_cmake_export_dependencies-extras.cmake:15 (find_package)
[1.387s]   /opt/ros/humble/install/share/ament_cmake/cmake/ament_cmakeConfig.cmake:41 (include)
[1.387s]   CMakeLists.txt:9 (find_package)
[1.388s] 
[1.388s] [0m
[1.389s] -- Configuring incomplete, errors occurred!
[1.392s] Makefile:963: recipe for target 'cmake_check_build_system' failed
[1.392s] make: *** [cmake_check_build_system] Error 1
[1.416s] Invoked command in '/root/oxbot/src/ros2_ws/build/oxbot_interfaces' returned '2': /usr/local/bin/cmake --build /root/oxbot/src/ros2_ws/build/oxbot_interfaces -- -j4 -l4
