[01m[K/root/oxbot/src/ros2_ws/src/motion_control/src/MotionControllerNode.cpp:5:10:[m[K [01;31m[Kfatal error: [m[Kmotion_control_config.hpp: No such file or directory
 #include [01;31m[K"motion_control_config.hpp"[m[K
          [01;31m[K^~~~~~~~~~~~~~~~~~~~~~~~~~~[m[K
compilation terminated.
make[2]: *** [CMakeFiles/motion_controller.dir/src/MotionControllerNode.cpp.o] Error 1
make[2]: *** Waiting for unfinished jobs....
[01m[K/root/oxbot/src/ros2_ws/src/motion_control/src/motion_controller.cpp:[m[K In function â€˜[01m[Kint main(int, char**)[m[Kâ€™:
[01m[K/root/oxbot/src/ros2_ws/src/motion_control/src/motion_controller.cpp:19:18:[m[K [01;31m[Kerror: [m[Kâ€˜[01m[Knode[m[Kâ€™ was not declared in this scope
     rclcpp::spin([01;31m[Knode[m[K);
                  [01;31m[K^~~~[m[K
[01m[K/root/oxbot/src/ros2_ws/src/motion_control/src/motion_controller.cpp:19:18:[m[K [01;36m[Knote: [m[Ksuggested alternative: â€˜[01m[Kmodf[m[Kâ€™
     rclcpp::spin([01;36m[Knode[m[K);
                  [01;36m[K^~~~[m[K
                  [32m[Kmodf[m[K
[01m[K/root/oxbot/src/ros2_ws/src/motion_control/src/SerialCommunicator.cpp:[m[K In constructor â€˜[01m[KSerialCommunicator::SerialCommunicator()[m[Kâ€™:
[01m[K/root/oxbot/src/ros2_ws/src/motion_control/src/SerialCommunicator.cpp:17:69:[m[K [01;31m[Kerror: [m[Kâ€˜[01m[KMC_FRONT_WHEELS_SERIAL_PATH[m[Kâ€™ was not declared in this scope
 SerialCommunicator::SerialCommunicator(): front_wheels_serial_path_([01;31m[KMC_FRONT_WHEELS_SERIAL_PATH[m[K), rear_wheels_serial_path_(MC_REAR_WHEELS_SERIAL_PATH), front_wheels_serial_fh_(0), rear_wheels_serial_fh_(0)
                                                                     [01;31m[K^~~~~~~~~~~~~~~~~~~~~~~~~~~[m[K
[01m[K/root/oxbot/src/ros2_ws/src/motion_control/src/SerialCommunicator.cpp:17:69:[m[K [01;36m[Knote: [m[Ksuggested alternative: â€˜[01m[KFRONT_WHEELS_SERIAL_PATH[m[Kâ€™
 SerialCommunicator::SerialCommunicator(): front_wheels_serial_path_([01;36m[KMC_FRONT_WHEELS_SERIAL_PATH[m[K), rear_wheels_serial_path_(MC_REAR_WHEELS_SERIAL_PATH), front_wheels_serial_fh_(0), rear_wheels_serial_fh_(0)
                                                                     [01;36m[K^~~~~~~~~~~~~~~~~~~~~~~~~~~[m[K
                                                                     [32m[KFRONT_WHEELS_SERIAL_PATH[m[K
[01m[K/root/oxbot/src/ros2_ws/src/motion_control/src/SerialCommunicator.cpp:17:124:[m[K [01;31m[Kerror: [m[Kâ€˜[01m[KMC_REAR_WHEELS_SERIAL_PATH[m[Kâ€™ was not declared in this scope
 SerialCommunicator::SerialCommunicator(): front_wheels_serial_path_(MC_FRONT_WHEELS_SERIAL_PATH), rear_wheels_serial_path_([01;31m[KMC_REAR_WHEELS_SERIAL_PATH[m[K), front_wheels_serial_fh_(0), rear_wheels_serial_fh_(0)
                                                                                                                            [01;31m[K^~~~~~~~~~~~~~~~~~~~~~~~~~[m[K
[01m[K/root/oxbot/src/ros2_ws/src/motion_control/src/SerialCommunicator.cpp:17:124:[m[K [01;36m[Knote: [m[Ksuggested alternative: â€˜[01m[KREAR_WHEELS_SERIAL_PATH[m[Kâ€™
 SerialCommunicator::SerialCommunicator(): front_wheels_serial_path_(MC_FRONT_WHEELS_SERIAL_PATH), rear_wheels_serial_path_([01;36m[KMC_REAR_WHEELS_SERIAL_PATH[m[K), front_wheels_serial_fh_(0), rear_wheels_serial_fh_(0)
                                                                                                                            [01;36m[K^~~~~~~~~~~~~~~~~~~~~~~~~~[m[K
                                                                                                                            [32m[KREAR_WHEELS_SERIAL_PATH[m[K
[01m[K/root/oxbot/src/ros2_ws/src/motion_control/src/SerialCommunicator.cpp:30:35:[m[K [01;35m[Kwarning: [m[Kconverting to non-pointer type â€˜[01m[Kint[m[Kâ€™ from NULL [[01;35m[K-Wconversion-null[m[K]
         front_wheels_serial_fh_ = [01;35m[KNULL[m[K;
                                   [01;35m[K^~~~[m[K
[01m[K/root/oxbot/src/ros2_ws/src/motion_control/src/SerialCommunicator.cpp:35:35:[m[K [01;35m[Kwarning: [m[Kconverting to non-pointer type â€˜[01m[Kint[m[Kâ€™ from NULL [[01;35m[K-Wconversion-null[m[K]
         front_wheels_serial_fh_ = [01;35m[KNULL[m[K;
                                   [01;35m[K^~~~[m[K
[01m[K/root/oxbot/src/ros2_ws/src/motion_control/src/SerialCommunicator.cpp:[m[K In member function â€˜[01m[Kconst std::vector<unsigned char, std::allocator<unsigned char> > SerialCommunicator::sc_read()[m[Kâ€™:
[01m[K/root/oxbot/src/ros2_ws/src/motion_control/src/SerialCommunicator.cpp:95:29:[m[K [01;31m[Kerror: [m[Kâ€˜[01m[KMC_SERIAL_FEEDBACK_MESSAGE_SIZE[m[Kâ€™ was not declared in this scope
     unsigned char read_buf [[01;31m[KMC_SERIAL_FEEDBACK_MESSAGE_SIZE[m[K];
                             [01;31m[K^~~~~~~~~~~~~~~~~~~~~~~~~~~~~~~[m[K
[01m[K/root/oxbot/src/ros2_ws/src/motion_control/src/SerialCommunicator.cpp:95:29:[m[K [01;36m[Knote: [m[Ksuggested alternative: â€˜[01m[KSERIAL_FEEDBACK_MESSAGE_SIZE[m[Kâ€™
     unsigned char read_buf [[01;36m[KMC_SERIAL_FEEDBACK_MESSAGE_SIZE[m[K];
                             [01;36m[K^~~~~~~~~~~~~~~~~~~~~~~~~~~~~~~[m[K
                             [32m[KSERIAL_FEEDBACK_MESSAGE_SIZE[m[K
[01m[K/root/oxbot/src/ros2_ws/src/motion_control/src/SerialCommunicator.cpp:98:63:[m[K [01;31m[Kerror: [m[Kâ€˜[01m[Kread_buf[m[Kâ€™ was not declared in this scope
         int bytes_read = read(this->front_wheels_serial_fh_, &[01;31m[Kread_buf[m[K, sizeof(read_buf));
                                                               [01;31m[K^~~~~~~~[m[K
[01m[K/root/oxbot/src/ros2_ws/src/motion_control/src/SerialCommunicator.cpp:98:63:[m[K [01;36m[Knote: [m[Ksuggested alternative: â€˜[01m[Kser_buf[m[Kâ€™
         int bytes_read = read(this->front_wheels_serial_fh_, &[01;36m[Kread_buf[m[K, sizeof(read_buf));
                                                               [01;36m[K^~~~~~~~[m[K
                                                               [32m[Kser_buf[m[K
[01m[K/root/oxbot/src/ros2_ws/src/motion_control/src/SerialCommunicator.cpp:[m[K In member function â€˜[01m[Kint SerialCommunicator::sc_write(std::vector<unsigned char, std::allocator<unsigned char> >)[m[Kâ€™:
[01m[K/root/oxbot/src/ros2_ws/src/motion_control/src/SerialCommunicator.cpp:112:61:[m[K [01;35m[Kwarning: [m[Kunused parameter â€˜[01m[Kwrite_buf[m[Kâ€™ [[01;35m[K-Wunused-parameter[m[K]
 int SerialCommunicator::sc_write(std::vector<unsigned char> [01;35m[Kwrite_buf[m[K)
                                                             [01;35m[K^~~~~~~~~[m[K
make[2]: *** [CMakeFiles/motion_controller.dir/src/motion_controller.cpp.o] Error 1
make[2]: *** [CMakeFiles/motion_controller.dir/src/SerialCommunicator.cpp.o] Error 1
make[1]: *** [CMakeFiles/motion_controller.dir/all] Error 2
make: *** [all] Error 2
