[0.331s] Invoking command in '/root/oxbot/src/ros2_ws/build/motion_control': CMAKE_PREFIX_PATH=/root/oxbot/src/ros2_ws/install/oxbot_interfaces:/root/oxbot/src/ros2_ws/install/motion_control:/opt/ros/humble/install LD_LIBRARY_PATH=/root/oxbot/src/ros2_ws/install/oxbot_interfaces/lib:/opt/ros/humble/install/opt/rviz_ogre_vendor/lib:/opt/ros/humble/install/lib:/usr/local/cuda-10.2/targets/aarch64-linux/lib /usr/local/bin/cmake --build /root/oxbot/src/ros2_ws/build/motion_control -- -j4 -l4
[0.626s] [ 33%] [32mBuilding CXX object CMakeFiles/motion_controller.dir/src/motion_controller.cpp.o[0m
[0.627s] [ 66%] [32mBuilding CXX object CMakeFiles/motion_controller.dir/src/ros2node_motion_controller.cpp.o[0m
[1.637s] [01m[K/root/oxbot/src/ros2_ws/src/motion_control/src/ros2node_motion_controller.cpp:2:10:[m[K [01;31m[Kfatal error: [m[Kros2node_motion_controller.hpp: No such file or directory
[1.638s]  #include [01;31m[K"ros2node_motion_controller.hpp"[m[K
[1.638s]           [01;31m[K^~~~~~~~~~~~~~~~~~~~~~~~~~~~~~~~[m[K
[1.639s] compilation terminated.
[1.645s] [01m[K/root/oxbot/src/ros2_ws/src/motion_control/src/motion_controller.cpp:2:10:[m[K [01;31m[Kfatal error: [m[Kros2node_motion_controller.hpp: No such file or directory
[1.646s]  #include [01;31m[K"ros2node_motion_controller.hpp"[m[K
[1.646s]           [01;31m[K^~~~~~~~~~~~~~~~~~~~~~~~~~~~~~~~[m[K
[1.647s] compilation terminated.
[1.681s] CMakeFiles/motion_controller.dir/build.make:75: recipe for target 'CMakeFiles/motion_controller.dir/src/motion_controller.cpp.o' failed
[1.682s] CMakeFiles/motion_controller.dir/build.make:89: recipe for target 'CMakeFiles/motion_controller.dir/src/ros2node_motion_controller.cpp.o' failed
[1.682s] make[2]: *** [CMakeFiles/motion_controller.dir/src/motion_controller.cpp.o] Error 1
[1.683s] make[2]: *** Waiting for unfinished jobs....
[1.684s] make[2]: *** [CMakeFiles/motion_controller.dir/src/ros2node_motion_controller.cpp.o] Error 1
[1.684s] CMakeFiles/Makefile2:136: recipe for target 'CMakeFiles/motion_controller.dir/all' failed
[1.685s] make[1]: *** [CMakeFiles/motion_controller.dir/all] Error 2
[1.686s] Makefile:145: recipe for target 'all' failed
[1.686s] make: *** [all] Error 2
[1.708s] Invoked command in '/root/oxbot/src/ros2_ws/build/motion_control' returned '2': CMAKE_PREFIX_PATH=/root/oxbot/src/ros2_ws/install/oxbot_interfaces:/root/oxbot/src/ros2_ws/install/motion_control:/opt/ros/humble/install LD_LIBRARY_PATH=/root/oxbot/src/ros2_ws/install/oxbot_interfaces/lib:/opt/ros/humble/install/opt/rviz_ogre_vendor/lib:/opt/ros/humble/install/lib:/usr/local/cuda-10.2/targets/aarch64-linux/lib /usr/local/bin/cmake --build /root/oxbot/src/ros2_ws/build/motion_control -- -j4 -l4
