[ 33%] [32mBuilding CXX object CMakeFiles/motor_tester.dir/src/MotorTestingNode.cpp.o[0m
[01m[K/root/oxbot/src/ros2_ws/src/oxbot_testing/src/MotorTestingNode.cpp:[m[K In member function â€˜[01m[Kvoid MotorTestingNode::pubTimerCB()[m[Kâ€™:
[01m[K/root/oxbot/src/ros2_ws/src/oxbot_testing/src/MotorTestingNode.cpp:95:9:[m[K [01;31m[Kerror: [m[Kâ€˜[01m[Kprev_state_[m[Kâ€™ was not declared in this scope
         [01;31m[Kprev_state_[m[K = current_state_;
         [01;31m[K^~~~~~~~~~~[m[K
[01m[K/root/oxbot/src/ros2_ws/src/oxbot_testing/src/MotorTestingNode.cpp:95:9:[m[K [01;36m[Knote: [m[Ksuggested alternative: â€˜[01m[Kcurrent_state_[m[Kâ€™
         [01;36m[Kprev_state_[m[K = current_state_;
         [01;36m[K^~~~~~~~~~~[m[K
         [32m[Kcurrent_state_[m[K
CMakeFiles/motor_tester.dir/build.make:89: recipe for target 'CMakeFiles/motor_tester.dir/src/MotorTestingNode.cpp.o' failed
make[2]: *** [CMakeFiles/motor_tester.dir/src/MotorTestingNode.cpp.o] Error 1
CMakeFiles/Makefile2:136: recipe for target 'CMakeFiles/motor_tester.dir/all' failed
make[1]: *** [CMakeFiles/motor_tester.dir/all] Error 2
make: *** [all] Error 2
Makefile:145: recipe for target 'all' failed
