[0.197s] Invoking command in '/root/oxbot/src/ros2_ws/build/oxbot_testing': /usr/local/bin/cmake --build /root/oxbot/src/ros2_ws/build/oxbot_testing -- -j4 -l4
[0.554s] [ 33%] [32mBuilding CXX object CMakeFiles/motor_tester.dir/src/MotorTestingNode.cpp.o[0m
[14.522s] [01m[K/root/oxbot/src/ros2_ws/src/oxbot_testing/src/MotorTestingNode.cpp:[m[K In member function â€˜[01m[Kvoid MotorTestingNode::pubTimerCB()[m[Kâ€™:
[14.523s] [01m[K/root/oxbot/src/ros2_ws/src/oxbot_testing/src/MotorTestingNode.cpp:95:9:[m[K [01;31m[Kerror: [m[Kâ€˜[01m[Kprev_state_[m[Kâ€™ was not declared in this scope
[14.523s]          [01;31m[Kprev_state_[m[K = current_state_;
[14.524s]          [01;31m[K^~~~~~~~~~~[m[K
[14.531s] [01m[K/root/oxbot/src/ros2_ws/src/oxbot_testing/src/MotorTestingNode.cpp:95:9:[m[K [01;36m[Knote: [m[Ksuggested alternative: â€˜[01m[Kcurrent_state_[m[Kâ€™
[14.532s]          [01;36m[Kprev_state_[m[K = current_state_;
[14.532s]          [01;36m[K^~~~~~~~~~~[m[K
[14.533s]          [32m[Kcurrent_state_[m[K
[26.438s] CMakeFiles/motor_tester.dir/build.make:89: recipe for target 'CMakeFiles/motor_tester.dir/src/MotorTestingNode.cpp.o' failed
[26.443s] make[2]: *** [CMakeFiles/motor_tester.dir/src/MotorTestingNode.cpp.o] Error 1
[26.444s] CMakeFiles/Makefile2:136: recipe for target 'CMakeFiles/motor_tester.dir/all' failed
[26.445s] make[1]: *** [CMakeFiles/motor_tester.dir/all] Error 2
[26.445s] make: *** [all] Error 2
[26.446s] Makefile:145: recipe for target 'all' failed
[26.470s] Invoked command in '/root/oxbot/src/ros2_ws/build/oxbot_testing' returned '2': /usr/local/bin/cmake --build /root/oxbot/src/ros2_ws/build/oxbot_testing -- -j4 -l4
