[ 33%] [32mBuilding CXX object CMakeFiles/motor_tester.dir/src/MotorTestingNode.cpp.o[0m
[01m[K/root/oxbot/src/ros2_ws/src/oxbot_testing/src/MotorTestingNode.cpp:[m[K In member function â€˜[01m[Kvoid MotorTestingNode::pubTimerCB()[m[Kâ€™:
[01m[K/root/oxbot/src/ros2_ws/src/oxbot_testing/src/MotorTestingNode.cpp:82:10:[m[K [01;31m[Kerror: [m[Kjump to case label [[01;31m[K-fpermissive[m[K]
     case [01;31m[Kdecreasing_speed[m[K:
          [01;31m[K^~~~~~~~~~~~~~~~[m[K
[01m[K/root/oxbot/src/ros2_ws/src/oxbot_testing/src/MotorTestingNode.cpp:69:13:[m[K [01;36m[Knote: [m[K  crosses initialization of â€˜[01m[Kint old_speed[m[Kâ€™
         int [01;36m[Kold_speed[m[K = current_speed_cmd_;
             [01;36m[K^~~~~~~~~[m[K
[01m[K/root/oxbot/src/ros2_ws/src/oxbot_testing/src/MotorTestingNode.cpp:90:10:[m[K [01;31m[Kerror: [m[Kjump to case label [[01;31m[K-fpermissive[m[K]
     case [01;31m[Kincreasing_steer[m[K:
          [01;31m[K^~~~~~~~~~~~~~~~[m[K
[01m[K/root/oxbot/src/ros2_ws/src/oxbot_testing/src/MotorTestingNode.cpp:69:13:[m[K [01;36m[Knote: [m[K  crosses initialization of â€˜[01m[Kint old_speed[m[Kâ€™
         int [01;36m[Kold_speed[m[K = current_speed_cmd_;
             [01;36m[K^~~~~~~~~[m[K
[01m[K/root/oxbot/src/ros2_ws/src/oxbot_testing/src/MotorTestingNode.cpp:104:10:[m[K [01;31m[Kerror: [m[Kjump to case label [[01;31m[K-fpermissive[m[K]
     case [01;31m[Kdecreasing_steer[m[K:
          [01;31m[K^~~~~~~~~~~~~~~~[m[K
[01m[K/root/oxbot/src/ros2_ws/src/oxbot_testing/src/MotorTestingNode.cpp:91:13:[m[K [01;36m[Knote: [m[K  crosses initialization of â€˜[01m[Kint old_steer[m[Kâ€™
         int [01;36m[Kold_steer[m[K = current_steer_cmd_;
             [01;36m[K^~~~~~~~~[m[K
[01m[K/root/oxbot/src/ros2_ws/src/oxbot_testing/src/MotorTestingNode.cpp:69:13:[m[K [01;36m[Knote: [m[K  crosses initialization of â€˜[01m[Kint old_speed[m[Kâ€™
         int [01;36m[Kold_speed[m[K = current_speed_cmd_;
             [01;36m[K^~~~~~~~~[m[K
[01m[K/root/oxbot/src/ros2_ws/src/oxbot_testing/src/MotorTestingNode.cpp:112:5:[m[K [01;31m[Kerror: [m[Kjump to case label [[01;31m[K-fpermissive[m[K]
     [01;31m[Kdefault[m[K:
     [01;31m[K^~~~~~~[m[K
[01m[K/root/oxbot/src/ros2_ws/src/oxbot_testing/src/MotorTestingNode.cpp:91:13:[m[K [01;36m[Knote: [m[K  crosses initialization of â€˜[01m[Kint old_steer[m[Kâ€™
         int [01;36m[Kold_steer[m[K = current_steer_cmd_;
             [01;36m[K^~~~~~~~~[m[K
[01m[K/root/oxbot/src/ros2_ws/src/oxbot_testing/src/MotorTestingNode.cpp:69:13:[m[K [01;36m[Knote: [m[K  crosses initialization of â€˜[01m[Kint old_speed[m[Kâ€™
         int [01;36m[Kold_speed[m[K = current_speed_cmd_;
             [01;36m[K^~~~~~~~~[m[K
[01m[K/root/oxbot/src/ros2_ws/src/oxbot_testing/src/MotorTestingNode.cpp:55:12:[m[K [01;35m[Kwarning: [m[Kenumeration value â€˜[01m[Kdecreasing_speed[m[Kâ€™ not handled in switch [[01;35m[K-Wswitch[m[K]
     switch [01;35m[K([m[Kcurrent_state_)
            [01;35m[K^[m[K
[01m[K/root/oxbot/src/ros2_ws/src/oxbot_testing/src/MotorTestingNode.cpp:55:12:[m[K [01;35m[Kwarning: [m[Kenumeration value â€˜[01m[Kreturning_to_zero[m[Kâ€™ not handled in switch [[01;35m[K-Wswitch[m[K]
[01m[K/root/oxbot/src/ros2_ws/src/oxbot_testing/src/MotorTestingNode.cpp:55:12:[m[K [01;35m[Kwarning: [m[Kenumeration value â€˜[01m[Kincreasing_steer[m[Kâ€™ not handled in switch [[01;35m[K-Wswitch[m[K]
[01m[K/root/oxbot/src/ros2_ws/src/oxbot_testing/src/MotorTestingNode.cpp:55:12:[m[K [01;35m[Kwarning: [m[Kenumeration value â€˜[01m[Kdecreasing_steer[m[Kâ€™ not handled in switch [[01;35m[K-Wswitch[m[K]
make[2]: *** [CMakeFiles/motor_tester.dir/src/MotorTestingNode.cpp.o] Error 1
CMakeFiles/motor_tester.dir/build.make:89: recipe for target 'CMakeFiles/motor_tester.dir/src/MotorTestingNode.cpp.o' failed
CMakeFiles/Makefile2:136: recipe for target 'CMakeFiles/motor_tester.dir/all' failed
Makefile:145: recipe for target 'all' failed
make[1]: *** [CMakeFiles/motor_tester.dir/all] Error 2
make: *** [all] Error 2
